<?xml version="1.0" encoding="UTF-8"?>
<!-- Generated by org.testng.reporters.JUnitXMLReporter -->
<testsuite ignored="0" hostname="Genx-Mac-6.local" failures="0" tests="6" name="Test" time="6.643" errors="0" timestamp="2023-03-01T10:57:46 IST">
  <testcase classname="Test.ewallet_API" name="getV1agent" time="5.499"/>
  <testcase classname="Test.ewallet_API" name="getV1requestid" time="0.197"/>
  <testcase classname="Test.ewallet_API" name="getV1requestid" time="0.19"/>
  <testcase classname="Test.ewallet_API" name="getV1requestid" time="0.196"/>
  <testcase classname="Test.ewallet_API" name="getV1requestid" time="0.089"/>
  <testcase classname="Test.ewallet_API" name="getV1requestid" time="0.147"/>
</testsuite> <!-- Test -->
