<?xml version="1.0" encoding="UTF-8"?>
<testng-results ignored="0" total="6" passed="6" failed="0" skipped="0">
  <reporter-output>
  </reporter-output>
  <suite started-at="2023-03-01T10:57:39 IST" name="Suite" finished-at="2023-03-01T10:57:46 IST" duration-ms="6643">
    <groups>
    </groups>
    <test started-at="2023-03-01T10:57:39 IST" name="Test" finished-at="2023-03-01T10:57:46 IST" duration-ms="6643">
      <class name="Test.ewallet_API">
        <test-method signature="getV1agent()[pri:0, instance:Test.ewallet_API@37654521]" started-at="2023-03-01T10:57:39 IST" name="getV1agent" finished-at="2023-03-01T10:57:45 IST" duration-ms="5499" status="PASS">
          <reporter-output>
          </reporter-output>
        </test-method> <!-- getV1agent -->
        <test-method signature="getV1requestid()[pri:0, instance:Test.ewallet_API@37654521]" started-at="2023-03-01T10:57:45 IST" name="getV1requestid" finished-at="2023-03-01T10:57:45 IST" duration-ms="197" status="PASS">
          <reporter-output>
          </reporter-output>
        </test-method> <!-- getV1requestid -->
        <test-method signature="getV1requestid()[pri:0, instance:Test.ewallet_API@37654521]" started-at="2023-03-01T10:57:45 IST" name="getV1requestid" finished-at="2023-03-01T10:57:45 IST" duration-ms="190" status="PASS">
          <reporter-output>
          </reporter-output>
        </test-method> <!-- getV1requestid -->
        <test-method signature="getV1requestid()[pri:0, instance:Test.ewallet_API@37654521]" started-at="2023-03-01T10:57:45 IST" name="getV1requestid" finished-at="2023-03-01T10:57:45 IST" duration-ms="196" status="PASS">
          <reporter-output>
          </reporter-output>
        </test-method> <!-- getV1requestid -->
        <test-method signature="getV1requestid()[pri:0, instance:Test.ewallet_API@37654521]" started-at="2023-03-01T10:57:45 IST" name="getV1requestid" finished-at="2023-03-01T10:57:46 IST" duration-ms="89" status="PASS">
          <reporter-output>
          </reporter-output>
        </test-method> <!-- getV1requestid -->
        <test-method signature="getV1requestid()[pri:0, instance:Test.ewallet_API@37654521]" started-at="2023-03-01T10:57:46 IST" name="getV1requestid" finished-at="2023-03-01T10:57:46 IST" duration-ms="147" status="PASS">
          <reporter-output>
          </reporter-output>
        </test-method> <!-- getV1requestid -->
      </class> <!-- Test.ewallet_API -->
    </test> <!-- Test -->
  </suite> <!-- Suite -->
</testng-results>
